生成启动时间为 2017/3/6 21:14:36。
     1>项目“C:\Users\Stone\Documents\Visual Studio 2012\Projects\breakout\breakout\breakout.vcxproj”在节点 2 上(Build 个目标)。
     1>ClCompile:
         C:\Program Files (x86)\Microsoft Visual Studio 11.0\VC\bin\CL.exe /c /ZI /nologo /W3 /WX- /Od /Oy- /D WIN32 /D _DEBUG /D _CONSOLE /D _UNICODE /D UNICODE /Gm /EHsc /RTC1 /MDd /GS /fp:precise /Zc:wchar_t /Zc:forScope /Fo"Debug\\" /Fd"Debug\vc110.pdb" /Gd /TP /analyze- /errorReport:prompt sprite_renderer.cpp
         sprite_renderer.cpp
       Link:
         C:\Program Files (x86)\Microsoft Visual Studio 11.0\VC\bin\link.exe /ERRORREPORT:PROMPT /OUT:"C:\Users\Stone\Documents\Visual Studio 2012\Projects\breakout\Debug\breakout.exe" /INCREMENTAL /NOLOGO opengl32.lib glfw3.lib glew32s.lib SOIL.lib kernel32.lib user32.lib gdi32.lib winspool.lib comdlg32.lib advapi32.lib shell32.lib ole32.lib oleaut32.lib uuid.lib odbc32.lib odbccp32.lib /MANIFEST /MANIFESTUAC:"level='asInvoker' uiAccess='false'" /manifest:embed /DEBUG /PDB:"C:\Users\Stone\Documents\Visual Studio 2012\Projects\breakout\Debug\breakout.pdb" /SUBSYSTEM:CONSOLE /TLBID:1 /DYNAMICBASE /NXCOMPAT /IMPLIB:"C:\Users\Stone\Documents\Visual Studio 2012\Projects\breakout\Debug\breakout.lib" /MACHINE:X86 Debug\game.obj
         Debug\main.obj
         Debug\resource_manager.obj
         Debug\shader.obj
         Debug\sprite_renderer.obj
         Debug\texture.obj
     1>LINK : warning LNK4098: 默认库“LIBCMT”与其他库的使用冲突；请使用 /NODEFAULTLIB:library
     1>resource_manager.obj : warning LNK4049: 已导入本地定义的符号 ___glewDeleteProgram
     1>shader.obj : warning LNK4049: 已导入本地定义的符号 ___glewAttachShader
     1>shader.obj : warning LNK4049: 已导入本地定义的符号 ___glewCompileShader
     1>shader.obj : warning LNK4049: 已导入本地定义的符号 ___glewCreateProgram
     1>shader.obj : warning LNK4049: 已导入本地定义的符号 ___glewCreateShader
     1>shader.obj : warning LNK4049: 已导入本地定义的符号 ___glewDeleteShader
     1>shader.obj : warning LNK4049: 已导入本地定义的符号 ___glewGetProgramInfoLog
     1>shader.obj : warning LNK4049: 已导入本地定义的符号 ___glewGetProgramiv
     1>shader.obj : warning LNK4049: 已导入本地定义的符号 ___glewGetShaderInfoLog
     1>shader.obj : warning LNK4049: 已导入本地定义的符号 ___glewGetShaderiv
     1>shader.obj : warning LNK4049: 已导入本地定义的符号 ___glewGetUniformLocation
     1>shader.obj : warning LNK4049: 已导入本地定义的符号 ___glewLinkProgram
     1>shader.obj : warning LNK4049: 已导入本地定义的符号 ___glewShaderSource
     1>shader.obj : warning LNK4049: 已导入本地定义的符号 ___glewUniform1f
     1>shader.obj : warning LNK4049: 已导入本地定义的符号 ___glewUniform1i
     1>shader.obj : warning LNK4049: 已导入本地定义的符号 ___glewUniform2f
     1>shader.obj : warning LNK4049: 已导入本地定义的符号 ___glewUniform3f
     1>shader.obj : warning LNK4049: 已导入本地定义的符号 ___glewUniform4f
     1>shader.obj : warning LNK4049: 已导入本地定义的符号 ___glewUniformMatrix4fv
     1>shader.obj : warning LNK4049: 已导入本地定义的符号 ___glewUseProgram
     1>sprite_renderer.obj : warning LNK4049: 已导入本地定义的符号 ___glewBindBuffer
     1>sprite_renderer.obj : warning LNK4049: 已导入本地定义的符号 ___glewBufferData
     1>sprite_renderer.obj : warning LNK4049: 已导入本地定义的符号 ___glewGenBuffers
     1>sprite_renderer.obj : warning LNK4049: 已导入本地定义的符号 ___glewEnableVertexAttribArray
     1>sprite_renderer.obj : warning LNK4049: 已导入本地定义的符号 ___glewVertexAttribPointer
     1>sprite_renderer.obj : warning LNK4049: 已导入本地定义的符号 ___glewBindVertexArray
     1>sprite_renderer.obj : warning LNK4049: 已导入本地定义的符号 ___glewGenVertexArrays
     1>glew32s.lib(glew.obj) : warning LNK4099: 未找到 PDB“vc120.pdb”(使用“glew32s.lib(glew.obj)”或在“C:\Users\Stone\Documents\Visual Studio 2012\Projects\breakout\Debug\vc120.pdb”中寻找)；正在链接对象，如同没有调试信息一样
     1>SOIL.lib(image_DXT.obj) : warning LNK4099: 未找到 PDB“vc110.pdb”(使用“SOIL.lib(image_DXT.obj)”或在“C:\Users\Stone\Documents\Visual Studio 2012\Projects\breakout\Debug\vc110.pdb”中寻找)；正在链接对象，如同没有调试信息一样
     1>SOIL.lib(image_helper.obj) : warning LNK4099: 未找到 PDB“vc110.pdb”(使用“SOIL.lib(image_helper.obj)”或在“C:\Users\Stone\Documents\Visual Studio 2012\Projects\breakout\Debug\vc110.pdb”中寻找)；正在链接对象，如同没有调试信息一样
     1>SOIL.lib(SOIL.obj) : warning LNK4099: 未找到 PDB“vc110.pdb”(使用“SOIL.lib(SOIL.obj)”或在“C:\Users\Stone\Documents\Visual Studio 2012\Projects\breakout\Debug\vc110.pdb”中寻找)；正在链接对象，如同没有调试信息一样
     1>SOIL.lib(stb_image_aug.obj) : warning LNK4099: 未找到 PDB“vc110.pdb”(使用“SOIL.lib(stb_image_aug.obj)”或在“C:\Users\Stone\Documents\Visual Studio 2012\Projects\breakout\Debug\vc110.pdb”中寻找)；正在链接对象，如同没有调试信息一样
         breakout.vcxproj -> C:\Users\Stone\Documents\Visual Studio 2012\Projects\breakout\Debug\breakout.exe
     1>已完成生成项目“C:\Users\Stone\Documents\Visual Studio 2012\Projects\breakout\breakout\breakout.vcxproj”(Build 个目标)的操作。

生成成功。

已用时间 00:00:01.41
